2021-01-05 11:09:39.9277 INFO Entering the login Controller. Login method
2021-01-05 11:09:40.2179 INFO Exit login controller.Login success! 05-01-2021 11:09:40
2021-01-05 11:09:40.2179 INFO Login Successfully
2021-01-05 12:09:40.2935 INFO Entering the login Controller. Login method
2021-01-05 12:09:40.3850 INFO Exit login controller.Login success! 05-01-2021 12:09:40
2021-01-05 12:09:40.3850 INFO Login Successfully
2021-01-05 12:16:54.4565 INFO Entering the login Controller. Login method
2021-01-05 12:16:54.4904 INFO Exit login controller.Login success! 05-01-2021 12:16:54
2021-01-05 12:16:54.4924 INFO Login Successfully
2021-01-05 12:33:11.9903 INFO Entering the login Controller. Login method
2021-01-05 12:33:12.0253 INFO Exit login controller.Login success! 05-01-2021 12:33:12
2021-01-05 12:33:12.0253 INFO Login Successfully
2021-01-05 12:42:09.4748 INFO Entering the login Controller. Login method
2021-01-05 12:42:09.5064 INFO Exit login controller.Login success! 05-01-2021 12:42:09
2021-01-05 12:42:09.5074 INFO Login Successfully
2021-01-05 12:43:13.0810 INFO Entering the login Controller. Login method
2021-01-05 12:43:13.1099 INFO Exit login controller.Login success! 05-01-2021 12:43:13
2021-01-05 12:43:13.1099 INFO Login Successfully
2021-01-05 12:44:17.8566 INFO Entering the login Controller. Login method
2021-01-05 12:44:17.9223 INFO Exit login controller.Login success! 05-01-2021 12:44:17
2021-01-05 12:44:17.9223 INFO Login Successfully
2021-01-05 12:46:26.0206 INFO Entering the login Controller. Login method
2021-01-05 12:46:26.0609 INFO Exit login controller.Login success! 05-01-2021 12:46:26
2021-01-05 12:46:26.0609 INFO Login Successfully
2021-01-05 12:51:21.5999 INFO Entering the login Controller. Login method
2021-01-05 12:51:21.6378 INFO Exit login controller.Login success! 05-01-2021 12:51:21
2021-01-05 12:51:21.6378 INFO Login Successfully
2021-01-05 13:04:49.1076 INFO Entering the login Controller. Login method
2021-01-05 13:04:49.1419 INFO Exit login controller.Login success! 05-01-2021 13:04:49
2021-01-05 13:04:49.1419 INFO Login Successfully
2021-01-05 13:08:50.5563 INFO Entering the login Controller. Login method
2021-01-05 13:08:50.5892 INFO Exit login controller.Login success! 05-01-2021 13:08:50
2021-01-05 13:08:50.5892 INFO Login Successfully
2021-01-05 13:21:02.4958 INFO Entering the login Controller. Login method
2021-01-05 13:21:02.5237 INFO Exit login controller.Login success! 05-01-2021 13:21:02
2021-01-05 13:21:02.5237 INFO Login Successfully
2021-01-05 13:29:41.1729 INFO Entering the login Controller. Login method
2021-01-05 13:29:41.2048 INFO Login Failure:-(
2021-01-05 13:29:41.2232 INFO Exit login controller.Login Failure:-( 05-01-2021 13:29:41
2021-01-05 13:29:54.2301 INFO Entering the login Controller. Login method
2021-01-05 13:29:54.2301 INFO Exit login controller.Login success! 05-01-2021 13:29:54
2021-01-05 13:29:54.2301 INFO Login Successfully
2021-01-05 13:31:10.4473 INFO Entering the login Controller. Login method
2021-01-05 13:31:10.4801 INFO Exit login controller.Login success! 05-01-2021 13:31:10
2021-01-05 13:31:10.4801 INFO Login Successfully
2021-01-05 13:36:36.5221 INFO Entering the login Controller. Login method
2021-01-05 13:36:36.5527 INFO Login Failure:-(
2021-01-05 13:36:36.5727 INFO Exit login controller.Login Failure:-( 05-01-2021 13:36:36
2021-01-05 13:36:42.6996 INFO Entering the login Controller. Login method
2021-01-05 13:36:42.6996 INFO Exit login controller.Login success! 05-01-2021 13:36:42
2021-01-05 13:36:42.6996 INFO Login Successfully
2021-01-05 13:40:11.4770 INFO Entering the login Controller. Login method
2021-01-05 13:40:11.5090 INFO Exit login controller.Login success! 05-01-2021 13:40:11
2021-01-05 13:40:11.5090 INFO Login Successfully
2021-01-05 13:44:19.6775 INFO Entering the login Controller. Login method
2021-01-05 13:44:19.7144 INFO Exit login controller.Login success! 05-01-2021 13:44:19
2021-01-05 13:44:19.7144 INFO Login Successfully
2021-01-05 14:12:21.1762 INFO Entering the login Controller. Login method
2021-01-05 14:12:21.2070 INFO Exit login controller.Login success! 05-01-2021 14:12:21
2021-01-05 14:12:21.2070 INFO Login Successfully
2021-01-05 14:20:19.0402 INFO Entering the login Controller. Login method
2021-01-05 14:20:19.0863 INFO Exit login controller.Login success! 05-01-2021 14:20:19
2021-01-05 14:20:19.0863 INFO Login Successfully
2021-01-05 17:27:30.6980 INFO Entering the login Controller. Login method
2021-01-05 17:27:32.2962 INFO Exit login controller.Login success! 05-01-2021 17:27:32
2021-01-05 17:27:32.2962 INFO Login Successfully
