2021-01-04 00:45:18.4444 INFO Entering the login Controller. Login method
2021-01-04 00:45:18.4883 INFO Exit login controller.Login success! 04-01-2021 00:45:18
2021-01-04 00:45:18.4883 INFO Login Successfully
2021-01-04 00:47:15.0557 INFO Entering the login Controller. Login method
2021-01-04 00:47:15.0928 INFO Exit login controller.Login success! 04-01-2021 00:47:15
2021-01-04 00:47:15.0928 INFO Login Successfully
2021-01-04 01:08:26.4286 INFO Entering the login Controller. Login method
2021-01-04 01:08:26.4720 INFO Exit login controller.Login success! 04-01-2021 01:08:26
2021-01-04 01:08:26.4720 INFO Login Successfully
2021-01-04 11:19:53.4539 INFO Entering the login Controller. Login method
2021-01-04 11:19:53.5372 INFO Exit login controller.Login success! 04-01-2021 11:19:53
2021-01-04 11:19:53.5372 INFO Login Successfully
2021-01-04 12:35:13.4286 INFO Entering the login Controller. Login method
2021-01-04 12:35:13.4805 INFO Exit login controller.Login success! 04-01-2021 12:35:13
2021-01-04 12:35:13.4805 INFO Login Successfully
2021-01-04 12:42:43.5471 INFO Entering the login Controller. Login method
2021-01-04 12:42:43.6484 INFO Exit login controller.Login success! 04-01-2021 12:42:43
2021-01-04 12:42:43.6484 INFO Login Successfully
2021-01-04 12:49:15.0844 INFO Entering the login Controller. Login method
2021-01-04 12:49:15.2047 INFO Exit login controller.Login success! 04-01-2021 12:49:15
2021-01-04 12:49:15.2047 INFO Login Successfully
2021-01-04 12:50:44.9138 INFO Entering the login Controller. Login method
2021-01-04 12:50:45.7445 INFO Exit login controller.Login success! 04-01-2021 12:50:45
2021-01-04 12:50:45.7445 INFO Login Successfully
2021-01-04 13:22:08.1797 INFO Entering the login Controller. Login method
2021-01-04 13:22:08.2252 INFO Exit login controller.Login success! 04-01-2021 13:22:08
2021-01-04 13:22:08.2262 INFO Login Successfully
2021-01-04 13:39:57.7738 INFO Entering the login Controller. Login method
2021-01-04 13:39:57.8176 INFO Exit login controller.Login success! 04-01-2021 13:39:57
2021-01-04 13:39:57.8176 INFO Login Successfully
2021-01-04 14:29:09.2009 INFO Entering the login Controller. Login method
2021-01-04 14:29:09.2607 INFO Entering the login Controller. Login method
2021-01-04 14:29:10.0459 INFO Exit login controller.Login success! 04-01-2021 14:29:10
2021-01-04 14:29:10.0459 INFO Exit login controller.Login success! 04-01-2021 14:29:10
2021-01-04 14:29:10.0459 INFO Login Successfully
2021-01-04 14:29:10.0459 INFO Login Successfully
2021-01-04 14:58:28.8264 INFO Entering the login Controller. Login method
2021-01-04 14:58:29.9317 INFO Exit login controller.Login success! 04-01-2021 14:58:29
2021-01-04 14:58:29.9317 INFO Login Successfully
2021-01-04 15:17:22.6612 INFO Entering the login Controller. Login method
2021-01-04 15:17:22.6801 INFO Exit login controller.Login success! 04-01-2021 15:17:22
2021-01-04 15:17:22.6801 INFO Login Successfully
2021-01-04 17:59:54.1167 INFO Entering the login Controller. Login method
2021-01-04 17:59:54.1833 INFO Login Failure:-(
2021-01-04 17:59:54.2687 INFO Exit login controller.Login Failure:-( 04-01-2021 17:59:54
2021-01-04 18:00:29.7999 INFO Entering the login Controller. Login method
2021-01-04 18:00:29.8147 INFO Exit login controller.Login success! 04-01-2021 18:00:29
2021-01-04 18:00:29.8147 INFO Login Successfully
2021-01-04 18:19:05.6623 INFO Entering the login Controller. Login method
2021-01-04 18:19:06.9725 INFO Exit login controller.Login success! 04-01-2021 18:19:06
2021-01-04 18:19:06.9725 INFO Login Successfully
2021-01-04 19:00:03.5194 INFO Entering the login Controller. Login method
2021-01-04 19:00:03.8504 INFO Login Failure:-(
2021-01-04 19:00:03.8764 INFO Exit login controller.Login Failure:-( 04-01-2021 19:00:03
2021-01-04 19:00:22.0838 INFO Entering the login Controller. Login method
2021-01-04 19:00:22.0918 INFO Login Failure:-(
2021-01-04 19:00:22.0918 INFO Exit login controller.Login Failure:-( 04-01-2021 19:00:22
2021-01-04 19:00:29.7136 INFO Entering the login Controller. Login method
2021-01-04 19:00:29.7136 INFO Login Failure:-(
2021-01-04 19:00:29.7136 INFO Exit login controller.Login Failure:-( 04-01-2021 19:00:29
2021-01-04 19:00:39.5017 INFO Entering the login Controller. Login method
2021-01-04 19:00:39.5017 INFO Login Failure:-(
2021-01-04 19:00:39.5107 INFO Exit login controller.Login Failure:-( 04-01-2021 19:00:39
2021-01-04 19:00:44.5277 INFO Entering the login Controller. Login method
2021-01-04 19:00:44.5277 INFO Login Failure:-(
2021-01-04 19:00:44.5277 INFO Exit login controller.Login Failure:-( 04-01-2021 19:00:44
2021-01-04 19:02:22.1033 INFO Entering the login Controller. Login method
2021-01-04 19:02:22.3850 INFO Login Failure:-(
2021-01-04 19:02:22.4010 INFO Exit login controller.Login Failure:-( 04-01-2021 19:02:22
2021-01-04 20:02:59.0312 INFO Entering the login Controller. Login method
2021-01-04 20:02:59.5937 INFO Exit login controller.Login success! 04-01-2021 20:02:59
2021-01-04 20:02:59.5937 INFO Login Successfully
2021-01-04 20:58:20.4012 INFO Entering the login Controller. Login method
2021-01-04 20:58:20.5001 INFO Exit login controller.Login success! 04-01-2021 20:58:20
2021-01-04 20:58:20.5001 INFO Login Successfully
2021-01-04 21:01:59.4971 INFO Entering the login Controller. Login method
2021-01-04 21:01:59.6014 INFO Exit login controller.Login success! 04-01-2021 21:01:59
2021-01-04 21:01:59.6014 INFO Login Successfully
2021-01-04 21:58:15.8067 INFO Entering the login Controller. Login method
2021-01-04 21:58:16.0443 INFO Login Failure:-(
2021-01-04 21:58:16.1410 INFO Exit login controller.Login Failure:-( 04-01-2021 21:58:16
2021-01-04 21:58:29.9192 INFO Entering the login Controller. Login method
2021-01-04 21:58:29.9300 INFO Exit login controller.Login success! 04-01-2021 21:58:29
2021-01-04 21:58:29.9300 INFO Login Successfully
2021-01-04 22:03:39.0265 INFO Entering the login Controller. Login method
2021-01-04 22:03:39.8239 INFO Exit login controller.Login success! 04-01-2021 22:03:39
2021-01-04 22:03:39.8239 INFO Login Successfully
2021-01-04 22:15:33.6204 INFO Entering the login Controller. Login method
2021-01-04 22:15:34.2218 INFO Login Failure:-(
2021-01-04 22:15:34.2623 INFO Exit login controller.Login Failure:-( 04-01-2021 22:15:34
2021-01-04 22:16:02.6873 INFO Entering the login Controller. Login method
2021-01-04 22:16:02.6873 INFO Login Failure:-(
2021-01-04 22:16:02.6983 INFO Exit login controller.Login Failure:-( 04-01-2021 22:16:02
2021-01-04 22:17:09.7823 INFO Entering the login Controller. Login method
2021-01-04 22:17:10.2206 INFO Login Failure:-(
2021-01-04 22:17:10.2629 INFO Exit login controller.Login Failure:-( 04-01-2021 22:17:10
2021-01-04 22:17:33.4617 INFO Entering the login Controller. Login method
2021-01-04 22:17:33.4617 INFO Login Failure:-(
2021-01-04 22:17:33.4813 INFO Exit login controller.Login Failure:-( 04-01-2021 22:17:33
2021-01-04 22:17:41.3380 INFO Entering the login Controller. Login method
2021-01-04 22:17:41.3380 INFO Login Failure:-(
2021-01-04 22:17:41.3380 INFO Exit login controller.Login Failure:-( 04-01-2021 22:17:41
2021-01-04 22:18:20.0991 INFO Entering the login Controller. Login method
2021-01-04 22:18:20.5877 INFO Entering the login Controller. Login method
2021-01-04 22:18:20.7171 INFO Login Failure:-(
2021-01-04 22:18:20.7171 INFO Login Failure:-(
2021-01-04 22:18:20.7630 INFO Exit login controller.Login Failure:-( 04-01-2021 22:18:20
2021-01-04 22:18:20.7630 INFO Exit login controller.Login Failure:-( 04-01-2021 22:18:20
2021-01-04 22:22:06.7272 INFO Entering the login Controller. Login method
2021-01-04 22:22:06.9017 INFO Exit login controller.Login success! 04-01-2021 22:22:06
2021-01-04 22:22:06.9017 INFO Login Successfully
2021-01-04 22:38:03.7530 INFO Entering the login Controller. Login method
2021-01-04 22:38:04.2555 INFO Exit login controller.Login success! 04-01-2021 22:38:04
2021-01-04 22:38:04.2626 INFO Login Successfully
2021-01-04 22:46:45.0678 INFO Entering the login Controller. Login method
2021-01-04 22:46:45.1419 INFO Exit login controller.Login success! 04-01-2021 22:46:45
2021-01-04 22:46:45.1419 INFO Login Successfully
