2021-01-03 08:23:16.4202 INFO Entering the login Controller. Login method
2021-01-03 08:23:17.0628 INFO Login Failure:-(
2021-01-03 08:23:17.2113 INFO Exit login controller.Login Failure:-( 03-01-2021 08:23:17
2021-01-03 08:23:21.2219 INFO Entering the login Controller. Login method
2021-01-03 08:23:21.2298 INFO Exit login controller.Login success! 03-01-2021 08:23:21
2021-01-03 08:23:21.2298 INFO Login Successfully
2021-01-03 08:59:33.8932 INFO Entering the login Controller. Login method
2021-01-03 08:59:34.6905 INFO Exit login controller.Login success! 03-01-2021 08:59:34
2021-01-03 08:59:34.6905 INFO Login Successfully
2021-01-03 09:13:23.9291 INFO Entering the login Controller. Login method
2021-01-03 09:13:24.0573 INFO Exit login controller.Login success! 03-01-2021 09:13:24
2021-01-03 09:13:24.0573 INFO Login Successfully
2021-01-03 09:17:40.2541 INFO Entering the login Controller. Login method
2021-01-03 09:17:40.4046 INFO Exit login controller.Login success! 03-01-2021 09:17:40
2021-01-03 09:17:40.4046 INFO Login Successfully
2021-01-03 09:22:53.3822 INFO Entering the login Controller. Login method
2021-01-03 09:22:54.0486 INFO Exit login controller.Login success! 03-01-2021 09:22:54
2021-01-03 09:22:54.0486 INFO Login Successfully
2021-01-03 09:31:00.6601 INFO Entering the login Controller. Login method
2021-01-03 09:31:00.6770 INFO Exit login controller.Login success! 03-01-2021 09:31:00
2021-01-03 09:31:00.6770 INFO Login Successfully
2021-01-03 09:35:05.7973 INFO Entering the login Controller. Login method
2021-01-03 09:35:05.9234 INFO Exit login controller.Login success! 03-01-2021 09:35:05
2021-01-03 09:35:05.9234 INFO Login Successfully
2021-01-03 09:54:58.7953 INFO Entering the login Controller. Login method
2021-01-03 09:54:58.9111 INFO Exit login controller.Login success! 03-01-2021 09:54:58
2021-01-03 09:54:58.9111 INFO Login Successfully
2021-01-03 10:00:18.7838 INFO Entering the login Controller. Login method
2021-01-03 10:00:18.7901 INFO Exit login controller.Login success! 03-01-2021 10:00:18
2021-01-03 10:00:18.7901 INFO Login Successfully
2021-01-03 10:00:39.1546 INFO Entering the login Controller. Login method
2021-01-03 10:00:39.1546 INFO Exit login controller.Login success! 03-01-2021 10:00:39
2021-01-03 10:00:39.1546 INFO Login Successfully
2021-01-03 10:02:27.9260 INFO Entering the login Controller. Login method
2021-01-03 10:02:27.9310 INFO Login Failure:-(
2021-01-03 10:02:27.9310 INFO Exit login controller.Login Failure:-( 03-01-2021 10:02:27
2021-01-03 10:02:35.4046 INFO Entering the login Controller. Login method
2021-01-03 10:02:35.4046 INFO Exit login controller.Login success! 03-01-2021 10:02:35
2021-01-03 10:02:35.4046 INFO Login Successfully
2021-01-03 10:05:35.3535 INFO Entering the login Controller. Login method
2021-01-03 10:05:35.3535 INFO Exit login controller.Login success! 03-01-2021 10:05:35
2021-01-03 10:05:35.3535 INFO Login Successfully
2021-01-03 10:07:08.0164 INFO Entering the login Controller. Login method
2021-01-03 10:07:08.1453 INFO Exit login controller.Login success! 03-01-2021 10:07:08
2021-01-03 10:07:08.1483 INFO Login Successfully
2021-01-03 10:08:00.7355 INFO Entering the login Controller. Login method
2021-01-03 10:08:01.1415 INFO Exit login controller.Login success! 03-01-2021 10:08:01
2021-01-03 10:08:01.1415 INFO Login Successfully
2021-01-03 10:18:07.4419 INFO Entering the login Controller. Login method
2021-01-03 10:18:07.5713 INFO Login Failure:-(
2021-01-03 10:18:07.5932 INFO Exit login controller.Login Failure:-( 03-01-2021 10:18:07
2021-01-03 10:18:11.6610 INFO Entering the login Controller. Login method
2021-01-03 10:18:11.6700 INFO Exit login controller.Login success! 03-01-2021 10:18:11
2021-01-03 10:18:11.6700 INFO Login Successfully
2021-01-03 10:29:49.8662 INFO Entering the login Controller. Login method
2021-01-03 10:29:49.9967 INFO Exit login controller.Login success! 03-01-2021 10:29:49
2021-01-03 10:29:49.9967 INFO Login Successfully
2021-01-03 10:48:32.8819 INFO Entering the login Controller. Login method
2021-01-03 10:48:33.1553 INFO Exit login controller.Login success! 03-01-2021 10:48:33
2021-01-03 10:48:33.1553 INFO Login Successfully
2021-01-03 10:58:36.1013 INFO Entering the login Controller. Login method
2021-01-03 10:58:36.7334 INFO Exit login controller.Login success! 03-01-2021 10:58:36
2021-01-03 10:58:36.7334 INFO Login Successfully
2021-01-03 11:00:49.3451 INFO Entering the login Controller. Login method
2021-01-03 11:00:49.9824 INFO Login Failure:-(
2021-01-03 11:00:50.0165 INFO Exit login controller.Login Failure:-( 03-01-2021 11:00:50
2021-01-03 11:00:53.4314 INFO Entering the login Controller. Login method
2021-01-03 11:00:53.4314 INFO Login Failure:-(
2021-01-03 11:00:53.4475 INFO Exit login controller.Login Failure:-( 03-01-2021 11:00:53
2021-01-03 11:00:57.3335 INFO Entering the login Controller. Login method
2021-01-03 11:00:57.3415 INFO Login Failure:-(
2021-01-03 11:00:57.3415 INFO Exit login controller.Login Failure:-( 03-01-2021 11:00:57
2021-01-03 11:01:43.9327 INFO Entering the login Controller. Login method
2021-01-03 11:01:44.5135 INFO Login Failure:-(
2021-01-03 11:01:44.5597 INFO Exit login controller.Login Failure:-( 03-01-2021 11:01:44
2021-01-03 11:01:51.8764 INFO Entering the login Controller. Login method
2021-01-03 11:01:51.8993 INFO Exit login controller.Login success! 03-01-2021 11:01:51
2021-01-03 11:01:51.8993 INFO Login Successfully
2021-01-03 11:03:39.7579 INFO Entering the login Controller. Login method
2021-01-03 11:03:40.3077 INFO Exit login controller.Login success! 03-01-2021 11:03:40
2021-01-03 11:03:40.3077 INFO Login Successfully
2021-01-03 11:15:28.9913 INFO Entering the login Controller. Login method
2021-01-03 11:15:29.6895 INFO Login Failure:-(
2021-01-03 11:15:29.7339 INFO Exit login controller.Login Failure:-( 03-01-2021 11:15:29
2021-01-03 11:15:37.6818 INFO Entering the login Controller. Login method
2021-01-03 11:15:37.7042 INFO Exit login controller.Login success! 03-01-2021 11:15:37
2021-01-03 11:15:37.7042 INFO Login Successfully
2021-01-03 11:18:27.5041 INFO Entering the login Controller. Login method
2021-01-03 11:18:28.1013 INFO Exit login controller.Login success! 03-01-2021 11:18:28
2021-01-03 11:18:28.1013 INFO Login Successfully
2021-01-03 11:21:05.5960 INFO Entering the login Controller. Login method
2021-01-03 11:21:07.0094 INFO Exit login controller.Login success! 03-01-2021 11:21:07
2021-01-03 11:21:07.0094 INFO Login Successfully
2021-01-03 11:22:34.3632 INFO Entering the login Controller. Login method
2021-01-03 11:22:35.6884 INFO Exit login controller.Login success! 03-01-2021 11:22:35
2021-01-03 11:22:35.6884 INFO Login Successfully
2021-01-03 11:33:53.2456 INFO Entering the login Controller. Login method
2021-01-03 11:33:53.6823 INFO Login Failure:-(
2021-01-03 11:33:53.7324 INFO Exit login controller.Login Failure:-( 03-01-2021 11:33:53
2021-01-03 11:33:59.4966 INFO Entering the login Controller. Login method
2021-01-03 11:33:59.4966 INFO Login Failure:-(
2021-01-03 11:33:59.5151 INFO Exit login controller.Login Failure:-( 03-01-2021 11:33:59
2021-01-03 11:34:05.9829 INFO Entering the login Controller. Login method
2021-01-03 11:34:06.0025 INFO Exit login controller.Login success! 03-01-2021 11:34:06
2021-01-03 11:34:06.0025 INFO Login Successfully
2021-01-03 11:34:55.1385 INFO Entering the login Controller. Login method
2021-01-03 11:34:56.4029 INFO Exit login controller.Login success! 03-01-2021 11:34:56
2021-01-03 11:34:56.4029 INFO Login Successfully
2021-01-03 11:36:43.7390 INFO Entering the login Controller. Login method
2021-01-03 11:36:44.1873 INFO Exit login controller.Login success! 03-01-2021 11:36:44
2021-01-03 11:36:44.1873 INFO Login Successfully
2021-01-03 11:39:03.1037 INFO Entering the login Controller. Login method
2021-01-03 11:39:03.5394 INFO Exit login controller.Login success! 03-01-2021 11:39:03
2021-01-03 11:39:03.5394 INFO Login Successfully
2021-01-03 11:40:47.6624 INFO Entering the login Controller. Login method
2021-01-03 11:40:48.1309 INFO Exit login controller.Login success! 03-01-2021 11:40:48
2021-01-03 11:40:48.1309 INFO Login Successfully
2021-01-03 11:45:51.9478 INFO Entering the login Controller. Login method
2021-01-03 11:45:52.7017 INFO Exit login controller.Login success! 03-01-2021 11:45:52
2021-01-03 11:45:52.7017 INFO Login Successfully
2021-01-03 21:19:15.8897 INFO Entering the login Controller. Login method
2021-01-03 21:19:16.9349 INFO Exit login controller.Login success! 03-01-2021 21:19:16
2021-01-03 21:19:16.9349 INFO Login Successfully
2021-01-03 21:32:56.5345 INFO Entering the login Controller. Login method
2021-01-03 21:32:56.8189 INFO Exit login controller.Login success! 03-01-2021 21:32:56
2021-01-03 21:32:56.8189 INFO Login Successfully
2021-01-03 22:27:59.1174 INFO Entering the login Controller. Login method
2021-01-03 22:27:59.7015 INFO Exit login controller.Login success! 03-01-2021 22:27:59
2021-01-03 22:27:59.7015 INFO Login Successfully
2021-01-03 22:59:41.3246 INFO Entering the login Controller. Login method
2021-01-03 22:59:42.8596 INFO Login Failure:-(
2021-01-03 22:59:42.9030 INFO Exit login controller.Login Failure:-( 03-01-2021 22:59:42
2021-01-03 22:59:57.8973 INFO Entering the login Controller. Login method
2021-01-03 22:59:57.9229 INFO Exit login controller.Login success! 03-01-2021 22:59:57
2021-01-03 22:59:57.9229 INFO Login Successfully
2021-01-03 23:02:00.3093 INFO Entering the login Controller. Login method
2021-01-03 23:02:01.4619 INFO Login Failure:-(
2021-01-03 23:02:01.5041 INFO Exit login controller.Login Failure:-( 03-01-2021 23:02:01
2021-01-03 23:02:07.3938 INFO Entering the login Controller. Login method
2021-01-03 23:02:07.3938 INFO Exit login controller.Login success! 03-01-2021 23:02:07
2021-01-03 23:02:07.4041 INFO Login Successfully
2021-01-03 23:03:03.0561 INFO Entering the login Controller. Login method
2021-01-03 23:03:03.5041 INFO Login Failure:-(
2021-01-03 23:03:03.5505 INFO Exit login controller.Login Failure:-( 03-01-2021 23:03:03
2021-01-03 23:03:09.3163 INFO Entering the login Controller. Login method
2021-01-03 23:03:09.3244 INFO Exit login controller.Login success! 03-01-2021 23:03:09
2021-01-03 23:03:09.3244 INFO Login Successfully
2021-01-03 23:04:02.9751 INFO Entering the login Controller. Login method
2021-01-03 23:04:03.5021 INFO Exit login controller.Login success! 03-01-2021 23:04:03
2021-01-03 23:04:03.5021 INFO Login Successfully
2021-01-03 23:06:43.9503 INFO Entering the login Controller. Login method
2021-01-03 23:06:45.1788 INFO Login Failure:-(
2021-01-03 23:06:45.2202 INFO Exit login controller.Login Failure:-( 03-01-2021 23:06:45
2021-01-03 23:06:51.5243 INFO Entering the login Controller. Login method
2021-01-03 23:06:51.5409 INFO Exit login controller.Login success! 03-01-2021 23:06:51
2021-01-03 23:06:51.5409 INFO Login Successfully
2021-01-03 23:07:26.4187 INFO Entering the login Controller. Login method
2021-01-03 23:07:26.9680 INFO Login Failure:-(
2021-01-03 23:07:27.0004 INFO Exit login controller.Login Failure:-( 03-01-2021 23:07:27
2021-01-03 23:07:34.4632 INFO Entering the login Controller. Login method
2021-01-03 23:07:34.4816 INFO Exit login controller.Login success! 03-01-2021 23:07:34
2021-01-03 23:07:34.4816 INFO Login Successfully
2021-01-03 23:19:28.4686 INFO Entering the login Controller. Login method
2021-01-03 23:19:28.7464 INFO Exit login controller.Login success! 03-01-2021 23:19:28
2021-01-03 23:19:28.7464 INFO Login Successfully
2021-01-03 23:23:27.6796 INFO Entering the login Controller. Login method
2021-01-03 23:23:28.2898 INFO Exit login controller.Login success! 03-01-2021 23:23:28
2021-01-03 23:23:28.2898 INFO Login Successfully
